<?xml version="1.0" encoding="UTF-8"?>
<!-- Generated by org.testng.reporters.JUnitReportReporter -->
<testsuite hostname="LAPTOP-60R38V7Q" failures="0" tests="1" name="test.LoginTest" time="4.025" errors="0" timestamp="2025-05-29T12:04:18 NPT" skipped="0">
  <testcase classname="test.LoginTest" name="testValidLogin" time="4.025"/>
</testsuite> <!-- test.LoginTest -->
