<?xml version="1.0" encoding="UTF-8"?>
<!-- Generated by org.testng.reporters.JUnitReportReporter -->
<testsuite hostname="LAPTOP-60R38V7Q" failures="0" tests="1" name="test.LoginTest" time="11.228" errors="0" timestamp="2025-06-05T21:08:16 NPT" skipped="0">
  <testcase classname="test.LoginTest" name="testValidLogin" time="11.228"/>
</testsuite> <!-- test.LoginTest -->
